# JRE version: Java(TM) SE Runtime Environment (8.0_211-b12) (build 1.8.0_211-b12)
# Java VM: Java HotSpot(TM) 64-Bit Server VM (25.211-b12 mixed mode windows-amd64 compressed oops)
Heap:
 PSYoungGen      total 147968K, used 86473K [0x00000000f5580000, 0x0000000100000000, 0x0000000100000000)
  eden space 125440K, 57% used [0x00000000f5580000,0x00000000f9b71a58,0x00000000fd000000)
  from space 22528K, 65% used [0x00000000fea00000,0x00000000ff880cc8,0x0000000100000000)
  to   space 24576K, 0% used [0x00000000fd000000,0x00000000fd000000,0x00000000fe800000)
 ParOldGen       total 230912K, used 37186K [0x00000000e0000000, 0x00000000ee180000, 0x00000000f5580000)
  object space 230912K, 16% used [0x00000000e0000000,0x00000000e2450910,0x00000000ee180000)
 Metaspace       used 66138K, capacity 69218K, committed 69504K, reserved 1107968K
  class space    used 9250K, capacity 10012K, committed 10112K, reserved 1048576K
GC Heap History (10 events):
Event: 8.412 GC heap before
{Heap before GC invocations=9 (full 2):
 PSYoungGen      total 158208K, used 143360K [0x00000000f5580000, 0x0000000100000000, 0x0000000100000000)
  eden space 143360K, 100% used [0x00000000f5580000,0x00000000fe180000,0x00000000fe180000)
  from space 14848K, 0% used [0x00000000fef80000,0x00000000fef80000,0x00000000ffe00000)
  to   space 14336K, 0% used [0x00000000fe180000,0x00000000fe180000,0x00000000fef80000)
 ParOldGen       total 175104K, used 16960K [0x00000000e0000000, 0x00000000eab00000, 0x00000000f5580000)
  object space 175104K, 9% used [0x00000000e0000000,0x00000000e1090040,0x00000000eab00000)
 Metaspace       used 46400K, capacity 47886K, committed 48128K, reserved 1091584K
  class space    used 6397K, capacity 6804K, committed 6912K, reserved 1048576K
Event: 8.432 GC heap after
Heap after GC invocations=9 (full 2):
 PSYoungGen      total 157696K, used 14321K [0x00000000f5580000, 0x0000000100000000, 0x0000000100000000)
  eden space 143360K, 0% used [0x00000000f5580000,0x00000000f5580000,0x00000000fe180000)
  from space 14336K, 99% used [0x00000000fe180000,0x00000000fef7c4a8,0x00000000fef80000)
  to   space 16896K, 0% used [0x00000000fef80000,0x00000000fef80000,0x0000000100000000)
 ParOldGen       total 175104K, used 20225K [0x00000000e0000000, 0x00000000eab00000, 0x00000000f5580000)
  object space 175104K, 11% used [0x00000000e0000000,0x00000000e13c0410,0x00000000eab00000)
 Metaspace       used 46400K, capacity 47886K, committed 48128K, reserved 1091584K
  class space    used 6397K, capacity 6804K, committed 6912K, reserved 1048576K
}
Event: 11.107 GC heap before
{Heap before GC invocations=10 (full 2):
 PSYoungGen      total 157696K, used 157681K [0x00000000f5580000, 0x0000000100000000, 0x0000000100000000)
  eden space 143360K, 100% used [0x00000000f5580000,0x00000000fe180000,0x00000000fe180000)
  from space 14336K, 99% used [0x00000000fe180000,0x00000000fef7c4a8,0x00000000fef80000)
  to   space 16896K, 0% used [0x00000000fef80000,0x00000000fef80000,0x0000000100000000)
 ParOldGen       total 175104K, used 20225K [0x00000000e0000000, 0x00000000eab00000, 0x00000000f5580000)
  object space 175104K, 11% used [0x00000000e0000000,0x00000000e13c0410,0x00000000eab00000)
 Metaspace       used 54621K, capacity 56658K, committed 56832K, reserved 1097728K
  class space    used 7662K, capacity 8186K, committed 8192K, reserved 1048576K
Event: 11.129 GC heap after
Heap after GC invocations=10 (full 2):
 PSYoungGen      total 146432K, used 16867K [0x00000000f5580000, 0x0000000100000000, 0x0000000100000000)
  eden space 129536K, 0% used [0x00000000f5580000,0x00000000f5580000,0x00000000fd400000)
  from space 16896K, 99% used [0x00000000fef80000,0x00000000ffff8c30,0x0000000100000000)
  to   space 22528K, 0% used [0x00000000fd400000,0x00000000fd400000,0x00000000fea00000)
 ParOldGen       total 175104K, used 26527K [0x00000000e0000000, 0x00000000eab00000, 0x00000000f5580000)
  object space 175104K, 15% used [0x00000000e0000000,0x00000000e19e7d00,0x00000000eab00000)
 Metaspace       used 54621K, capacity 56658K, committed 56832K, reserved 1097728K
  class space    used 7662K, capacity 8186K, committed 8192K, reserved 1048576K
}
Event: 11.721 GC heap before
{Heap before GC invocations=11 (full 2):
 PSYoungGen      total 146432K, used 63636K [0x00000000f5580000, 0x0000000100000000, 0x0000000100000000)
  eden space 129536K, 36% used [0x00000000f5580000,0x00000000f832c6e0,0x00000000fd400000)
  from space 16896K, 99% used [0x00000000fef80000,0x00000000ffff8c30,0x0000000100000000)
  to   space 22528K, 0% used [0x00000000fd400000,0x00000000fd400000,0x00000000fea00000)
 ParOldGen       total 175104K, used 26527K [0x00000000e0000000, 0x00000000eab00000, 0x00000000f5580000)
  object space 175104K, 15% used [0x00000000e0000000,0x00000000e19e7d00,0x00000000eab00000)
 Metaspace       used 56826K, capacity 59098K, committed 59160K, reserved 1099776K
  class space    used 7935K, capacity 8515K, committed 8576K, reserved 1048576K
Event: 11.751 GC heap after
Heap after GC invocations=11 (full 2):
 PSYoungGen      total 152064K, used 22472K [0x00000000f5580000, 0x0000000100000000, 0x0000000100000000)
  eden space 129536K, 0% used [0x00000000f5580000,0x00000000f5580000,0x00000000fd400000)
  from space 22528K, 99% used [0x00000000fd400000,0x00000000fe9f2240,0x00000000fea00000)
  to   space 22528K, 0% used [0x00000000fea00000,0x00000000fea00000,0x0000000100000000)
 ParOldGen       total 175104K, used 26535K [0x00000000e0000000, 0x00000000eab00000, 0x00000000f5580000)
  object space 175104K, 15% used [0x00000000e0000000,0x00000000e19e9d00,0x00000000eab00000)
 Metaspace       used 56826K, capacity 59098K, committed 59160K, reserved 1099776K
  class space    used 7935K, capacity 8515K, committed 8576K, reserved 1048576K
}
Event: 11.751 GC heap before
{Heap before GC invocations=12 (full 3):
 PSYoungGen      total 152064K, used 22472K [0x00000000f5580000, 0x0000000100000000, 0x0000000100000000)
  eden space 129536K, 0% used [0x00000000f5580000,0x00000000f5580000,0x00000000fd400000)
  from space 22528K, 99% used [0x00000000fd400000,0x00000000fe9f2240,0x00000000fea00000)
  to   space 22528K, 0% used [0x00000000fea00000,0x00000000fea00000,0x0000000100000000)
 ParOldGen       total 175104K, used 26535K [0x00000000e0000000, 0x00000000eab00000, 0x00000000f5580000)
  object space 175104K, 15% used [0x00000000e0000000,0x00000000e19e9d00,0x00000000eab00000)
 Metaspace       used 56826K, capacity 59098K, committed 59160K, reserved 1099776K
  class space    used 7935K, capacity 8515K, committed 8576K, reserved 1048576K
Event: 11.953 GC heap after
Heap after GC invocations=12 (full 3):
 PSYoungGen      total 152064K, used 0K [0x00000000f5580000, 0x0000000100000000, 0x0000000100000000)
  eden space 129536K, 0% used [0x00000000f5580000,0x00000000f5580000,0x00000000fd400000)
  from space 22528K, 0% used [0x00000000fd400000,0x00000000fd400000,0x00000000fea00000)
  to   space 22528K, 0% used [0x00000000fea00000,0x00000000fea00000,0x0000000100000000)
 ParOldGen       total 230912K, used 37178K [0x00000000e0000000, 0x00000000ee180000, 0x00000000f5580000)
  object space 230912K, 16% used [0x00000000e0000000,0x00000000e244e910,0x00000000ee180000)
 Metaspace       used 56810K, capacity 59044K, committed 59160K, reserved 1099776K
  class space    used 7930K, capacity 8506K, committed 8576K, reserved 1048576K
}
Event: 17.822 GC heap before
{Heap before GC invocations=13 (full 3):
 PSYoungGen      total 152064K, used 129536K [0x00000000f5580000, 0x0000000100000000, 0x0000000100000000)
  eden space 129536K, 100% used [0x00000000f5580000,0x00000000fd400000,0x00000000fd400000)
  from space 22528K, 0% used [0x00000000fd400000,0x00000000fd400000,0x00000000fea00000)
  to   space 22528K, 0% used [0x00000000fea00000,0x00000000fea00000,0x0000000100000000)
 ParOldGen       total 230912K, used 37178K [0x00000000e0000000, 0x00000000ee180000, 0x00000000f5580000)
  object space 230912K, 16% used [0x00000000e0000000,0x00000000e244e910,0x00000000ee180000)
 Metaspace       used 61703K, capacity 64486K, committed 64768K, reserved 1103872K
  class space    used 8676K, capacity 9369K, committed 9472K, reserved 1048576K
Event: 17.837 GC heap after
Heap after GC invocations=13 (full 3):
 PSYoungGen      total 147968K, used 14851K [0x00000000f5580000, 0x0000000100000000, 0x0000000100000000)
  eden space 125440K, 0% used [0x00000000f5580000,0x00000000f5580000,0x00000000fd000000)
  from space 22528K, 65% used [0x00000000fea00000,0x00000000ff880cc8,0x0000000100000000)
  to   space 24576K, 0% used [0x00000000fd000000,0x00000000fd000000,0x00000000fe800000)
 ParOldGen       total 230912K, used 37186K [0x00000000e0000000, 0x00000000ee180000, 0x00000000f5580000)
  object space 230912K, 16% used [0x00000000e0000000,0x00000000e2450910,0x00000000ee180000)
 Metaspace       used 61703K, capacity 64486K, committed 64768K, reserved 1103872K
  class space    used 8676K, capacity 9369K, committed 9472K, reserved 1048576K
}

